<?xml version="1.0" encoding="UTF-8"?>
<!-- Generated by org.testng.reporters.JUnitXMLReporter -->
<testsuite ignored="0" hostname="LAPTOP-KU3EG2P8" failures="0" tests="8" name="Default test" time="3.324" errors="0" timestamp="2020-06-12T21:26:52 EDT">
  <testcase classname="org.sweatshop.format_server.FormatServerApplicationTest" name="getNameTest" time="0.008"/>
  <testcase classname="org.sweatshop.format_server.FormatServerApplicationTest" name="helloWorld2Test" time="0.332"/>
  <testcase classname="org.sweatshop.format_server.FormatServerApplicationTest" name="helloWorld3Test" time="0.032"/>
  <testcase classname="org.sweatshop.format_server.FormatServerApplicationTest" name="helloWorld3Test" time="0.009"/>
  <testcase classname="org.sweatshop.format_server.FormatServerApplicationTest" name="helloWorld3Test" time="0.006"/>
  <testcase classname="org.sweatshop.format_server.FormatServerApplicationTest" name="helloWorld3Test" time="0.009"/>
  <testcase classname="org.sweatshop.format_server.FormatServerApplicationTest" name="helloWorld3Test" time="0.009"/>
  <testcase classname="org.sweatshop.format_server.FormatServerApplicationTest" name="helloWorldTest" time="0.01"/>
</testsuite> <!-- Default test -->
